<?xml version="1.0" encoding="UTF-8"?>
<!-- Generated by org.testng.reporters.JUnitReportReporter -->
<testsuite skipped="0" hostname="DESKTOP-GK61F68" name="com.GitApi.test.GetAllRepo" tests="1" failures="0" timestamp="2020-11-03T19:55:57 IST" time="3.282" errors="0">
  <testcase name="getAllRepoTest" time="3.282" classname="com.GitApi.test.GetAllRepo"/>
  <system-out/>
</testsuite> <!-- com.GitApi.test.GetAllRepo -->
