<?xml version="1.0" encoding="UTF-8"?>
<!-- Generated by org.testng.reporters.JUnitReportReporter -->
<testsuite skipped="0" hostname="DESKTOP-GK61F68" name="com.RMGYantra.test.Serialize" tests="1" failures="0" timestamp="2020-11-03T15:01:17 IST" time="0.495" errors="0">
  <testcase name="serializationTest" time="0.495" classname="com.RMGYantra.test.Serialize"/>
  <system-out/>
</testsuite> <!-- com.RMGYantra.test.Serialize -->
