<?xml version="1.0" encoding="UTF-8"?>
<!-- Generated by org.testng.reporters.JUnitReportReporter -->
<testsuite skipped="0" hostname="DESKTOP-GK61F68" name="com.GitApi.test.GetASingleRepo" tests="1" failures="0" timestamp="2020-11-03T19:52:15 IST" time="5.262" errors="0">
  <testcase name="getSingleReposTest" time="5.262" classname="com.GitApi.test.GetASingleRepo"/>
  <system-out/>
</testsuite> <!-- com.GitApi.test.GetASingleRepo -->
