<?xml version="1.0" encoding="UTF-8"?>
<!-- Generated by org.testng.reporters.JUnitReportReporter -->
<testsuite skipped="0" hostname="DESKTOP-GK61F68" name="com.RMGYantra.test.CreateProject" tests="1" failures="0" timestamp="2020-11-03T12:39:02 IST" time="4.386" errors="0">
  <testcase name="createProjectTest" time="4.386" classname="com.RMGYantra.test.CreateProject"/>
  <system-out/>
</testsuite> <!-- com.RMGYantra.test.CreateProject -->
