<?xml version="1.0" encoding="UTF-8"?>
<!-- Generated by org.testng.reporters.JUnitReportReporter -->
<testsuite skipped="0" hostname="DESKTOP-GK61F68" name="com.RMGYantra.test.CreateprojectUsingJSONFile" tests="1" failures="0" timestamp="2020-11-03T15:59:10 IST" time="4.929" errors="0">
  <testcase name="createProjectTest" time="4.929" classname="com.RMGYantra.test.CreateprojectUsingJSONFile"/>
  <system-out/>
</testsuite> <!-- com.RMGYantra.test.CreateprojectUsingJSONFile -->
