<?xml version="1.0" encoding="UTF-8"?>
<!-- Generated by org.testng.reporters.JUnitReportReporter -->
<testsuite skipped="0" hostname="DESKTOP-GK61F68" name="com.GitApi.test.GetTocken" tests="1" failures="0" timestamp="2020-11-03T17:45:03 IST" time="6.695" errors="0">
  <testcase name="getTockenTest" time="6.695" classname="com.GitApi.test.GetTocken"/>
  <system-out/>
</testsuite> <!-- com.GitApi.test.GetTocken -->
