<?xml version="1.0" encoding="UTF-8"?>
<!-- Generated by org.testng.reporters.JUnitReportReporter -->
<testsuite skipped="0" hostname="DESKTOP-GK61F68" name="com.RMGYantra.test.CreateProjectUsingHashmap" tests="1" failures="0" timestamp="2020-11-03T14:50:43 IST" time="4.890" errors="0">
  <testcase name="createProjectTest" time="4.890" classname="com.RMGYantra.test.CreateProjectUsingHashmap"/>
  <system-out/>
</testsuite> <!-- com.RMGYantra.test.CreateProjectUsingHashmap -->
