<?xml version="1.0" encoding="UTF-8"?>
<!-- Generated by org.testng.reporters.JUnitReportReporter -->
<testsuite skipped="0" hostname="DESKTOP-GK61F68" name="com.RMGYantra.test.CreateProjectUsingPojoClass" tests="1" failures="0" timestamp="2020-11-03T15:16:24 IST" time="4.821" errors="0">
  <testcase name="createProjectTest" time="4.821" classname="com.RMGYantra.test.CreateProjectUsingPojoClass"/>
  <system-out/>
</testsuite> <!-- com.RMGYantra.test.CreateProjectUsingPojoClass -->
