<?xml version="1.0" encoding="UTF-8"?>
<!-- Generated by org.testng.reporters.JUnitReportReporter -->
<testsuite skipped="0" hostname="DESKTOP-GK61F68" name="com.RMGYantra.test.Desirialize" tests="1" failures="0" timestamp="2020-11-03T15:05:45 IST" time="0.503" errors="0">
  <testcase name="desirealizeTest" time="0.503" classname="com.RMGYantra.test.Desirialize"/>
  <system-out/>
</testsuite> <!-- com.RMGYantra.test.Desirialize -->
