<?xml version="1.0" encoding="UTF-8"?>
<!-- Generated by org.testng.reporters.JUnitReportReporter -->
<testsuite skipped="0" hostname="DESKTOP-GK61F68" name="com.GitApi.test.OauthTest" tests="1" failures="0" timestamp="2020-11-03T19:39:32 IST" time="6.417" errors="0">
  <testcase name="oauthTest" time="6.417" classname="com.GitApi.test.OauthTest"/>
  <system-out/>
</testsuite> <!-- com.GitApi.test.OauthTest -->
